Arguments: 
  C:\Program Files\nodejs\node.exe C:\Users\Baba Ali\AppData\Roaming\npm\node_modules\yarn\bin\yarn.js add ejs

PATH: 
  C:\Program Files\Git\mingw64\bin;C:\Program Files\Git\usr\bin;C:\Users\Baba Ali\bin;C:\Program Files (x86)\Intel\TXE Components\TCS;C:\Program Files\Intel\TXE Components\TCS;C:\WINDOWS\system32;C:\WINDOWS;C:\WINDOWS\System32\Wbem;C:\WINDOWS\System32\WindowsPowerShell\v1.0;C:\WINDOWS\System32\OpenSSH;C:\Program Files\Intel\TXE Components\DAL;C:\Program Files (x86)\Intel\TXE Components\DAL;C:\Program Files\Intel\TXE Components\IPT;C:\Program Files (x86)\Intel\TXE Components\IPT;C:\Program Files\MiKTeX 2.9\miktex\bin\x64;C:\Program Files\nodejs;C:\Program Files\Git\cmd;C:\Users\Baba Ali\AppData\Local\Programs\Python\Python38-32\Scripts;C:\Users\Baba Ali\AppData\Local\Programs\Python\Python38-32;C:\Users\Baba Ali\AppData\Local\Microsoft\WindowsApps;C:\Users\Baba Ali\AppData\Roaming\npm;C:\Users\Baba Ali\AppData\Local\Programs\Microsoft VS Code\bin;C:\Users\Baba Ali\AppData\Local\GitHubDesktop\bin

Yarn version: 
  1.22.4

Node version: 
  14.3.0

Platform: 
  win32 x64

Trace: 
  Error: getaddrinfo ENOTFOUND registry.yarnpkg.com
      at GetAddrInfoReqWrap.onlookup [as oncomplete] (dns.js:66:26)

npm manifest: 
  {
    "name": "flowbudget-api",
    "version": "0.0.1",
    "description": "API for the flowbudget application",
    "main": "index.js",
    "repository": "https://github.com/Aleeycreative/flowbudget",
    "author": "Aleeycreative",
    "license": "UNLICENSED",
    "dependencies": {
      "express": "^4.17.1"
    }
  }

yarn manifest: 
  No manifest

Lockfile: 
  No lockfile
